[13:18:02] Pronto. Importar -> Rodar etapas -> Ajustar/Excluir se necessário.
[13:18:18] ERP importado: 356 | Duplicados bloqueados: 0
[13:18:24] Vendas importadas: 447 | Duplicados bloqueados: 63
[13:18:29] Recebimentos importados: 390 | Duplicados bloqueados: 49
[13:18:45] AVISO: PDF Caixa: 14 lançamento(s) enriquecido(s) com favorecido/linha 2.
[13:18:46] Banco (OFX/PDF) importado: 8943 | Duplicados bloqueados: 36
[13:18:50] Etapa 1 (captura) atualizada na tela.
[13:19:25] Etapa 2 (recebíveis) atualizada na tela.
[13:20:09] Etapa 2 (recebíveis) atualizada na tela.
[13:20:10] Etapa 2 (recebíveis) atualizada na tela.
[13:21:26] Etapa 2 (recebíveis) atualizada na tela.
[13:21:28] Etapa 2 (recebíveis) atualizada na tela.
[13:21:28] Etapa 2 (recebíveis) atualizada na tela.
[13:21:46] Etapa 2 (recebíveis) atualizada na tela.
[13:21:47] Etapa 2 (recebíveis) atualizada na tela.
[13:21:47] Etapa 2 (recebíveis) atualizada na tela.
[13:21:48] Etapa 2 (recebíveis) atualizada na tela.
[13:22:09] Etapa 3 (visão diária) atualizada na tela.
[13:22:18] Etapa 3 (visão diária) atualizada na tela.
[13:22:47] Pronto. Importar -> Rodar etapas -> Ajustar/Excluir se necessário.
[13:23:07] ERP importado: 134 | Duplicados bloqueados: 0
[13:23:13] Vendas importadas: 187 | Duplicados bloqueados: 0
[13:23:18] AVISO: Receb FarmaciasAPP: OTB detectado em aba='Sheet1' header_linha=1.
[13:23:18] AVISO: Receb FarmaciasAPP: OTB detectado em aba='Sheet1' header_linha=1.
[13:23:18] AVISO: Receb FarmaciasAPP: OTB detectado em aba='Sheet1' header_linha=1.
[13:23:18] AVISO: Receb FarmaciasAPP: OTB detectado em aba='Sheet1' header_linha=1.
[13:23:18] AVISO: Receb FarmaciasAPP: OTB detectado em aba='Sheet1' header_linha=1.
[13:23:18] AVISO: Receb FarmaciasAPP: OTB detectado em aba='Sheet1' header_linha=1.
[13:23:18] AVISO: Receb FarmaciasAPP: OTB detectado em aba='Sheet1' header_linha=1.
[13:23:18] AVISO: Receb FarmaciasAPP: OTB detectado em aba='Sheet1' header_linha=1.
[13:23:18] AVISO: Receb FarmaciasAPP: OTB detectado em aba='Sheet1' header_linha=1.
[13:23:18] AVISO: Receb FarmaciasAPP: OTB detectado em aba='Sheet1' header_linha=1.
[13:23:18] AVISO: Receb FarmaciasAPP: OTB detectado em aba='Sheet1' header_linha=1.
[13:23:18] AVISO: Receb FarmaciasAPP: OTB detectado em aba='Sheet1' header_linha=1.
[13:23:18] AVISO: Receb FarmaciasAPP: OTB detectado em aba='Sheet1' header_linha=1.
[13:23:18] AVISO: Receb FarmaciasAPP: OTB detectado em aba='Sheet1' header_linha=1.
[13:23:19] Recebimentos importados: 158 | Duplicados bloqueados: 8
[13:24:05] Etapa 2 (FarmaciasApp) atualizada na tela.
[13:24:26] Etapa 3 (visão diária) atualizada na tela.
[13:29:21] Pronto. Importar -> Rodar etapas -> Ajustar/Excluir se necessário.
[13:29:39] ERP importado: 356 | Duplicados bloqueados: 0
[13:29:57] Exclusão em massa OK | erp_tx | 01/01/2025 a 31/12/2025
[13:30:01] ERP importado: 356 | Duplicados bloqueados: 0
[13:30:19] Etapa 2 (recebíveis) atualizada na tela.
[13:30:45] Pronto. Importar -> Rodar etapas -> Ajustar/Excluir se necessário.
[13:30:55] Etapa 2 (FarmaciasApp) atualizada na tela.
[13:31:42] Pronto. Importar -> Rodar etapas -> Ajustar/Excluir se necessário.
[13:31:49] Etapa 2 (recebíveis) atualizada na tela.
[13:32:16] Recebimentos importados: 69 | Duplicados bloqueados: 50
[13:32:24] AVISO: Ticket Vendas: 1 duplicados removidos (mesmo reembolso+transação).
[13:32:25] Vendas importadas: 63 | Duplicados bloqueados: 0
[13:32:31] Etapa 2 (recebíveis) atualizada na tela.
[13:33:00] Etapa 2 (recebíveis) atualizada na tela.
[13:35:16] Pronto. Importar -> Rodar etapas -> Ajustar/Excluir se necessário.
[13:35:24] Etapa 2 (FarmaciasApp) atualizada na tela.
[13:35:35] Etapa 1 (captura) atualizada na tela.
[13:51:21] Etapa 2 (recebíveis) atualizada na tela.
[13:51:43] Etapa 3 (visão diária) atualizada na tela.
[13:53:18] Pronto. Importar -> Rodar etapas -> Ajustar/Excluir se necessário.
[13:53:26] Etapa 1 (captura) atualizada na tela.
[13:53:42] Etapa 2 (FarmaciasApp) atualizada na tela.
[14:03:35] Etapa 3 (visão diária) atualizada na tela.
[18:24:15] Pronto. Importar -> Rodar etapas -> Ajustar/Excluir se necessário.
[18:24:25] Pronto. Importar -> Rodar etapas -> Ajustar/Excluir se necessário.
[18:24:41] ERP importado: 356 | Duplicados bloqueados: 0
[18:24:47] Vendas importadas: 447 | Duplicados bloqueados: 63
[18:24:52] Recebimentos importados: 390 | Duplicados bloqueados: 49
[18:25:10] AVISO: PDF Caixa: 14 lançamento(s) enriquecido(s) com favorecido/linha 2.
[18:25:11] Banco (OFX/PDF) importado: 8943 | Duplicados bloqueados: 36
[18:25:14] Etapa 1 (captura) atualizada na tela.
[18:25:36] Etapa 2 (recebíveis) atualizada na tela.
[18:26:18] Pronto. Importar -> Rodar etapas -> Ajustar/Excluir se necessário.
[18:26:36] ERP importado: 134 | Duplicados bloqueados: 0
[18:26:42] Vendas importadas: 187 | Duplicados bloqueados: 0
[18:26:48] AVISO: Receb FarmaciasAPP: OTB detectado em aba='Sheet1' header_linha=1.
[18:26:48] AVISO: Receb FarmaciasAPP: OTB detectado em aba='Sheet1' header_linha=1.
[18:26:48] AVISO: Receb FarmaciasAPP: OTB detectado em aba='Sheet1' header_linha=1.
[18:26:48] AVISO: Receb FarmaciasAPP: OTB detectado em aba='Sheet1' header_linha=1.
[18:26:48] AVISO: Receb FarmaciasAPP: OTB detectado em aba='Sheet1' header_linha=1.
[18:26:48] AVISO: Receb FarmaciasAPP: OTB detectado em aba='Sheet1' header_linha=1.
[18:26:48] AVISO: Receb FarmaciasAPP: OTB detectado em aba='Sheet1' header_linha=1.
[18:26:48] AVISO: Receb FarmaciasAPP: OTB detectado em aba='Sheet1' header_linha=1.
[18:26:48] AVISO: Receb FarmaciasAPP: OTB detectado em aba='Sheet1' header_linha=1.
[18:26:48] AVISO: Receb FarmaciasAPP: OTB detectado em aba='Sheet1' header_linha=1.
[18:26:48] AVISO: Receb FarmaciasAPP: OTB detectado em aba='Sheet1' header_linha=1.
[18:26:48] AVISO: Receb FarmaciasAPP: OTB detectado em aba='Sheet1' header_linha=1.
[18:26:48] AVISO: Receb FarmaciasAPP: OTB detectado em aba='Sheet1' header_linha=1.
[18:26:48] AVISO: Receb FarmaciasAPP: OTB detectado em aba='Sheet1' header_linha=1.
[18:26:49] Recebimentos importados: 158 | Duplicados bloqueados: 8
[18:27:30] Etapa 2 (FarmaciasApp) atualizada na tela.
[18:31:19] Pronto. Importar -> Rodar etapas -> Ajustar/Excluir se necessário.
[18:31:27] Etapa 2 (recebíveis) atualizada na tela.
[18:31:30] Etapa 2 (recebíveis) atualizada na tela.
[18:32:12] Etapa 2 (recebíveis) atualizada na tela.
[18:32:13] Etapa 2 (recebíveis) atualizada na tela.
[18:32:13] Etapa 2 (recebíveis) atualizada na tela.
[18:39:25] Exportado: C:/Drogaria/Programacao/SGOP/Conciliacao/Concilia/10_02/chrome/etapa2.xlsx
[18:42:14] Etapa 2 (FarmaciasApp) atualizada na tela.
[19:21:32] Pronto. Importar -> Rodar etapas -> Ajustar/Excluir se necessário.
[19:21:40] Etapa 1 (captura) atualizada na tela.
[19:21:44] Etapa 2 (recebíveis) atualizada na tela.
[19:22:30] Etapa 2 (recebíveis) atualizada na tela.
[19:27:04] Pronto. Importar -> Rodar etapas -> Ajustar/Excluir se necessário.
[19:27:12] Etapa 1 (captura) atualizada na tela.
[19:27:35] Etapa 2 (recebíveis) atualizada na tela.
[19:28:34] Etapa 1 (captura) atualizada na tela.
[19:29:21] Etapa 2 (recebíveis) atualizada na tela.
[19:30:12] Etapa 3 (visão diária) atualizada na tela.
[19:31:00] Pronto. Importar -> Rodar etapas -> Ajustar/Excluir se necessário.
[19:31:07] Etapa 1 (captura) atualizada na tela.
[19:31:09] Etapa 1 (captura) atualizada na tela.
[19:31:33] ERP importado: 66 | Duplicados bloqueados: 0
[19:31:38] AVISO: Ticket Vendas: 1 duplicados removidos (mesmo reembolso+transação).
[19:31:39] Vendas importadas: 63 | Duplicados bloqueados: 0
[19:31:45] Recebimentos importados: 69 | Duplicados bloqueados: 50
[19:33:13] Etapa 2 (recebíveis) atualizada na tela.
[19:33:44] Etapa 2 (recebíveis) atualizada na tela.
[19:34:22] Etapa 3 (visão diária) atualizada na tela.
[19:35:05] Pronto. Importar -> Rodar etapas -> Ajustar/Excluir se necessário.
[19:35:15] Etapa 1 (captura) atualizada na tela.
[19:42:43] Etapa 2 (FarmaciasApp) atualizada na tela.
